[0.230s] Invoking command in '/home/chen/town_ws/build/village_wang': CMAKE_PREFIX_PATH=${CMAKE_PREFIX_PATH}:/home/chen/town_ws/install/village_li:/opt/ros/humble /usr/bin/cmake --build /home/chen/town_ws/build/village_wang -- -j4 -l4
[0.278s] [35m[1mConsolidate compiler generated dependencies of target wang2_node[0m
[0.298s] [100%] Built target wang2_node
[0.311s] Invoked command in '/home/chen/town_ws/build/village_wang' returned '0': CMAKE_PREFIX_PATH=${CMAKE_PREFIX_PATH}:/home/chen/town_ws/install/village_li:/opt/ros/humble /usr/bin/cmake --build /home/chen/town_ws/build/village_wang -- -j4 -l4
[0.389s] Invoking command in '/home/chen/town_ws/build/village_wang': CMAKE_PREFIX_PATH=${CMAKE_PREFIX_PATH}:/home/chen/town_ws/install/village_li:/opt/ros/humble /usr/bin/cmake --install /home/chen/town_ws/build/village_wang
[0.395s] -- Install configuration: ""
[0.395s] -- Up-to-date: /home/chen/town_ws/install/village_wang/share/ament_index/resource_index/package_run_dependencies/village_wang
[0.395s] -- Up-to-date: /home/chen/town_ws/install/village_wang/share/ament_index/resource_index/parent_prefix_path/village_wang
[0.395s] -- Up-to-date: /home/chen/town_ws/install/village_wang/share/village_wang/environment/ament_prefix_path.sh
[0.395s] -- Up-to-date: /home/chen/town_ws/install/village_wang/share/village_wang/environment/ament_prefix_path.dsv
[0.395s] -- Up-to-date: /home/chen/town_ws/install/village_wang/share/village_wang/environment/path.sh
[0.395s] -- Up-to-date: /home/chen/town_ws/install/village_wang/share/village_wang/environment/path.dsv
[0.395s] -- Up-to-date: /home/chen/town_ws/install/village_wang/share/village_wang/local_setup.bash
[0.395s] -- Up-to-date: /home/chen/town_ws/install/village_wang/share/village_wang/local_setup.sh
[0.395s] -- Up-to-date: /home/chen/town_ws/install/village_wang/share/village_wang/local_setup.zsh
[0.396s] -- Up-to-date: /home/chen/town_ws/install/village_wang/share/village_wang/local_setup.dsv
[0.396s] -- Installing: /home/chen/town_ws/install/village_wang/share/village_wang/package.dsv
[0.396s] -- Up-to-date: /home/chen/town_ws/install/village_wang/share/ament_index/resource_index/packages/village_wang
[0.396s] -- Up-to-date: /home/chen/town_ws/install/village_wang/share/village_wang/cmake/village_wangConfig.cmake
[0.396s] -- Up-to-date: /home/chen/town_ws/install/village_wang/share/village_wang/cmake/village_wangConfig-version.cmake
[0.396s] -- Up-to-date: /home/chen/town_ws/install/village_wang/share/village_wang/package.xml
[0.396s] -- Up-to-date: /home/chen/town_ws/install/village_wang/lib/village_wang/wang2_node
[0.398s] Invoked command in '/home/chen/town_ws/build/village_wang' returned '0': CMAKE_PREFIX_PATH=${CMAKE_PREFIX_PATH}:/home/chen/town_ws/install/village_li:/opt/ros/humble /usr/bin/cmake --install /home/chen/town_ws/build/village_wang
