[0.467s] Invoking command in '/home/chen/town_ws/src/village_li': PYTHONPATH=/home/chen/town_ws/build/village_li/prefix_override:/home/chen/town_ws/install/village_li/lib/python3.10/site-packages:${PYTHONPATH} /usr/bin/python3 setup.py egg_info --egg-base ../../build/village_li build --build-base /home/chen/town_ws/build/village_li/build install --record /home/chen/town_ws/build/village_li/install.log --single-version-externally-managed
[0.649s] running egg_info
[0.649s] writing ../../build/village_li/village_li.egg-info/PKG-INFO
[0.650s] writing dependency_links to ../../build/village_li/village_li.egg-info/dependency_links.txt
[0.650s] writing entry points to ../../build/village_li/village_li.egg-info/entry_points.txt
[0.651s] writing requirements to ../../build/village_li/village_li.egg-info/requires.txt
[0.651s] writing top-level names to ../../build/village_li/village_li.egg-info/top_level.txt
[0.652s] reading manifest file '../../build/village_li/village_li.egg-info/SOURCES.txt'
[0.653s] writing manifest file '../../build/village_li/village_li.egg-info/SOURCES.txt'
[0.653s] running build
[0.653s] running build_py
[0.653s] copying village_li/li4.py -> /home/chen/town_ws/build/village_li/build/lib/village_li
[0.654s] running install
[0.654s] running install_lib
[0.655s] copying /home/chen/town_ws/build/village_li/build/lib/village_li/li4.py -> /home/chen/town_ws/install/village_li/lib/python3.10/site-packages/village_li
[0.655s] byte-compiling /home/chen/town_ws/install/village_li/lib/python3.10/site-packages/village_li/li4.py to li4.cpython-310.pyc
[0.655s] running install_data
[0.656s] running install_egg_info
[0.657s] removing '/home/chen/town_ws/install/village_li/lib/python3.10/site-packages/village_li-0.0.0-py3.10.egg-info' (and everything under it)
[0.657s] Copying ../../build/village_li/village_li.egg-info to /home/chen/town_ws/install/village_li/lib/python3.10/site-packages/village_li-0.0.0-py3.10.egg-info
[0.658s] running install_scripts
[0.674s] Installing li4_node script to /home/chen/town_ws/install/village_li/lib/village_li
[0.675s] writing list of installed files to '/home/chen/town_ws/build/village_li/install.log'
[0.702s] Invoked command in '/home/chen/town_ws/src/village_li' returned '0': PYTHONPATH=/home/chen/town_ws/build/village_li/prefix_override:/home/chen/town_ws/install/village_li/lib/python3.10/site-packages:${PYTHONPATH} /usr/bin/python3 setup.py egg_info --egg-base ../../build/village_li build --build-base /home/chen/town_ws/build/village_li/build install --record /home/chen/town_ws/build/village_li/install.log --single-version-externally-managed
