[0.485s] Invoking command in '/home/chen/town_ws/src/village_li': PYTHONPATH=/home/chen/town_ws/build/village_li/prefix_override:/home/chen/town_ws/install/village_li/lib/python3.10/site-packages:${PYTHONPATH} /usr/bin/python3 setup.py egg_info --egg-base ../../build/village_li build --build-base /home/chen/town_ws/build/village_li/build install --record /home/chen/town_ws/build/village_li/install.log --single-version-externally-managed
[0.692s] running egg_info
[0.693s] writing ../../build/village_li/village_li.egg-info/PKG-INFO
[0.694s] writing dependency_links to ../../build/village_li/village_li.egg-info/dependency_links.txt
[0.694s] writing entry points to ../../build/village_li/village_li.egg-info/entry_points.txt
[0.694s] writing requirements to ../../build/village_li/village_li.egg-info/requires.txt
[0.695s] writing top-level names to ../../build/village_li/village_li.egg-info/top_level.txt
[0.696s] reading manifest file '../../build/village_li/village_li.egg-info/SOURCES.txt'
[0.697s] writing manifest file '../../build/village_li/village_li.egg-info/SOURCES.txt'
[0.697s] running build
[0.698s] running build_py
[0.698s] copying village_li/li4.py -> /home/chen/town_ws/build/village_li/build/lib/village_li
[0.698s] running install
[0.699s] running install_lib
[0.699s] copying /home/chen/town_ws/build/village_li/build/lib/village_li/li4.py -> /home/chen/town_ws/install/village_li/lib/python3.10/site-packages/village_li
[0.700s] byte-compiling /home/chen/town_ws/install/village_li/lib/python3.10/site-packages/village_li/li4.py to li4.cpython-310.pyc
[0.701s] running install_data
[0.702s] running install_egg_info
[0.704s] removing '/home/chen/town_ws/install/village_li/lib/python3.10/site-packages/village_li-0.0.0-py3.10.egg-info' (and everything under it)
[0.704s] Copying ../../build/village_li/village_li.egg-info to /home/chen/town_ws/install/village_li/lib/python3.10/site-packages/village_li-0.0.0-py3.10.egg-info
[0.705s] running install_scripts
[0.721s] Installing li4_node script to /home/chen/town_ws/install/village_li/lib/village_li
[0.722s] writing list of installed files to '/home/chen/town_ws/build/village_li/install.log'
[0.750s] Invoked command in '/home/chen/town_ws/src/village_li' returned '0': PYTHONPATH=/home/chen/town_ws/build/village_li/prefix_override:/home/chen/town_ws/install/village_li/lib/python3.10/site-packages:${PYTHONPATH} /usr/bin/python3 setup.py egg_info --egg-base ../../build/village_li build --build-base /home/chen/town_ws/build/village_li/build install --record /home/chen/town_ws/build/village_li/install.log --single-version-externally-managed
