[0.231s] Invoking command in '/home/chen/town_ws/build/village_wang': CMAKE_PREFIX_PATH=/opt/ros/humble /usr/bin/cmake /home/chen/town_ws/src/village_wang -DCMAKE_INSTALL_PREFIX=/home/chen/town_ws/install/village_wang
[0.378s] -- The C compiler identification is GNU 11.3.0
[0.490s] -- The CXX compiler identification is GNU 11.3.0
[0.515s] -- Detecting C compiler ABI info
[0.616s] -- Detecting C compiler ABI info - done
[0.616s] -- Check for working C compiler: /usr/bin/cc - skipped
[0.617s] -- Detecting C compile features
[0.619s] -- Detecting C compile features - done
[0.629s] -- Detecting CXX compiler ABI info
[0.783s] -- Detecting CXX compiler ABI info - done
[0.784s] -- Check for working CXX compiler: /usr/bin/c++ - skipped
[0.785s] -- Detecting CXX compile features
[0.786s] -- Detecting CXX compile features - done
[0.800s] -- Found ament_cmake: 1.3.4 (/opt/ros/humble/share/ament_cmake/cmake)
[0.971s] -- Found Python3: /usr/bin/python3.10 (found version "3.10.6") found components: Interpreter 
[1.064s] -- Found rclcpp: 16.0.4 (/opt/ros/humble/share/rclcpp/cmake)
[1.129s] -- Found rosidl_generator_c: 3.1.4 (/opt/ros/humble/share/rosidl_generator_c/cmake)
[1.135s] -- Found rosidl_adapter: 3.1.4 (/opt/ros/humble/share/rosidl_adapter/cmake)
[1.147s] -- Found rosidl_generator_cpp: 3.1.4 (/opt/ros/humble/share/rosidl_generator_cpp/cmake)
[1.164s] -- Using all available rosidl_typesupport_c: rosidl_typesupport_fastrtps_c;rosidl_typesupport_introspection_c
[1.184s] -- Using all available rosidl_typesupport_cpp: rosidl_typesupport_fastrtps_cpp;rosidl_typesupport_introspection_cpp
[1.269s] -- Found rmw_implementation_cmake: 6.1.1 (/opt/ros/humble/share/rmw_implementation_cmake/cmake)
[1.273s] -- Found rmw_fastrtps_cpp: 6.2.2 (/opt/ros/humble/share/rmw_fastrtps_cpp/cmake)
[1.388s] -- Found OpenSSL: /usr/lib/x86_64-linux-gnu/libcrypto.so (found version "3.0.2")  
[1.419s] -- Found FastRTPS: /opt/ros/humble/include  
[1.453s] -- Using RMW implementation 'rmw_fastrtps_cpp' as default
[1.467s] -- Looking for pthread.h
[1.543s] -- Looking for pthread.h - found
[1.543s] -- Performing Test CMAKE_HAVE_LIBC_PTHREAD
[1.617s] -- Performing Test CMAKE_HAVE_LIBC_PTHREAD - Success
[1.617s] -- Found Threads: TRUE  
[1.773s] -- Found ament_lint_auto: 0.12.6 (/opt/ros/humble/share/ament_lint_auto/cmake)
[1.853s] -- Added test 'cppcheck' to perform static code analysis on C / C++ code
[1.853s] -- Configured cppcheck include dirs: 
[1.853s] -- Configured cppcheck exclude dirs and/or files: 
[1.854s] -- Added test 'lint_cmake' to check CMake code style
[1.856s] -- Added test 'uncrustify' to check C / C++ code style
[1.856s] -- Configured uncrustify additional arguments: 
[1.856s] -- Added test 'xmllint' to check XML markup files
[1.858s] [31mCMake Error at CMakeLists.txt:29 (install):
[1.859s]   install does not recognize sub-command TARGET
[1.859s] 
[1.859s] [0m
[1.859s] -- Configuring incomplete, errors occurred!
[1.859s] See also "/home/chen/town_ws/build/village_wang/CMakeFiles/CMakeOutput.log".
[1.867s] Invoked command in '/home/chen/town_ws/build/village_wang' returned '1': CMAKE_PREFIX_PATH=/opt/ros/humble /usr/bin/cmake /home/chen/town_ws/src/village_wang -DCMAKE_INSTALL_PREFIX=/home/chen/town_ws/install/village_wang
