[0.232s] DEBUG:colcon:Command line arguments: ['/usr/bin/colcon', 'build']
[0.232s] DEBUG:colcon:Parsed command line arguments: Namespace(log_base=None, log_level=None, verb_name='build', build_base='build', install_base='install', merge_install=False, symlink_install=False, test_result_base=None, continue_on_error=False, executor='parallel', parallel_workers=4, event_handlers=None, ignore_user_meta=False, metas=['./colcon.meta'], base_paths=['.'], packages_ignore=None, packages_ignore_regex=None, paths=None, packages_up_to=None, packages_up_to_regex=None, packages_above=None, packages_above_and_dependencies=None, packages_above_depth=None, packages_select_by_dep=None, packages_skip_by_dep=None, packages_skip_up_to=None, packages_select_build_failed=False, packages_skip_build_finished=False, packages_select_test_failures=False, packages_skip_test_passed=False, packages_select=None, packages_skip=None, packages_select_regex=None, packages_skip_regex=None, packages_start=None, packages_end=None, allow_overriding=[], cmake_args=None, cmake_target=None, cmake_target_skip_unavailable=False, cmake_clean_cache=False, cmake_clean_first=False, cmake_force_configure=False, ament_cmake_args=None, catkin_cmake_args=None, catkin_skip_building_tests=False, verb_parser=<colcon_defaults.argument_parser.defaults.DefaultArgumentsDecorator object at 0x7f64077cd720>, verb_extension=<colcon_core.verb.build.BuildVerb object at 0x7f64077cd1b0>, main=<bound method BuildVerb.main of <colcon_core.verb.build.BuildVerb object at 0x7f64077cd1b0>>)
[0.248s] Level 1:colcon.colcon_core.package_discovery:discover_packages(colcon_meta) check parameters
[0.248s] Level 1:colcon.colcon_core.package_discovery:discover_packages(recursive) check parameters
[0.248s] Level 1:colcon.colcon_core.package_discovery:discover_packages(ignore) check parameters
[0.248s] Level 1:colcon.colcon_core.package_discovery:discover_packages(path) check parameters
[0.248s] Level 1:colcon.colcon_core.package_discovery:discover_packages(colcon_meta) discover
[0.248s] Level 1:colcon.colcon_core.package_discovery:discover_packages(recursive) discover
[0.248s] INFO:colcon.colcon_core.package_discovery:Crawling recursively for packages in '/home/chen/town_ws'
[0.248s] Level 1:colcon.colcon_core.package_identification:_identify(.) by extensions ['ignore', 'ignore_ament_install']
[0.248s] Level 1:colcon.colcon_core.package_identification:_identify(.) by extension 'ignore'
[0.248s] Level 1:colcon.colcon_core.package_identification:_identify(.) by extension 'ignore_ament_install'
[0.248s] Level 1:colcon.colcon_core.package_identification:_identify(.) by extensions ['colcon_pkg']
[0.248s] Level 1:colcon.colcon_core.package_identification:_identify(.) by extension 'colcon_pkg'
[0.248s] Level 1:colcon.colcon_core.package_identification:_identify(.) by extensions ['colcon_meta']
[0.248s] Level 1:colcon.colcon_core.package_identification:_identify(.) by extension 'colcon_meta'
[0.248s] Level 1:colcon.colcon_core.package_identification:_identify(.) by extensions ['ros']
[0.248s] Level 1:colcon.colcon_core.package_identification:_identify(.) by extension 'ros'
[0.256s] Level 1:colcon.colcon_core.package_identification:_identify(.) by extensions ['cmake', 'python']
[0.256s] Level 1:colcon.colcon_core.package_identification:_identify(.) by extension 'cmake'
[0.256s] Level 1:colcon.colcon_core.package_identification:_identify(.) by extension 'python'
[0.256s] Level 1:colcon.colcon_core.package_identification:_identify(.) by extensions ['python_setup_py']
[0.256s] Level 1:colcon.colcon_core.package_identification:_identify(.) by extension 'python_setup_py'
[0.256s] Level 1:colcon.colcon_core.package_identification:_identify(build) by extensions ['ignore', 'ignore_ament_install']
[0.256s] Level 1:colcon.colcon_core.package_identification:_identify(build) by extension 'ignore'
[0.256s] Level 1:colcon.colcon_core.package_identification:_identify(build) ignored
[0.256s] Level 1:colcon.colcon_core.package_identification:_identify(install) by extensions ['ignore', 'ignore_ament_install']
[0.256s] Level 1:colcon.colcon_core.package_identification:_identify(install) by extension 'ignore'
[0.256s] Level 1:colcon.colcon_core.package_identification:_identify(install) ignored
[0.257s] Level 1:colcon.colcon_core.package_identification:_identify(log) by extensions ['ignore', 'ignore_ament_install']
[0.257s] Level 1:colcon.colcon_core.package_identification:_identify(log) by extension 'ignore'
[0.257s] Level 1:colcon.colcon_core.package_identification:_identify(log) ignored
[0.257s] Level 1:colcon.colcon_core.package_identification:_identify(src) by extensions ['ignore', 'ignore_ament_install']
[0.257s] Level 1:colcon.colcon_core.package_identification:_identify(src) by extension 'ignore'
[0.257s] Level 1:colcon.colcon_core.package_identification:_identify(src) by extension 'ignore_ament_install'
[0.257s] Level 1:colcon.colcon_core.package_identification:_identify(src) by extensions ['colcon_pkg']
[0.257s] Level 1:colcon.colcon_core.package_identification:_identify(src) by extension 'colcon_pkg'
[0.257s] Level 1:colcon.colcon_core.package_identification:_identify(src) by extensions ['colcon_meta']
[0.257s] Level 1:colcon.colcon_core.package_identification:_identify(src) by extension 'colcon_meta'
[0.257s] Level 1:colcon.colcon_core.package_identification:_identify(src) by extensions ['ros']
[0.257s] Level 1:colcon.colcon_core.package_identification:_identify(src) by extension 'ros'
[0.257s] Level 1:colcon.colcon_core.package_identification:_identify(src) by extensions ['cmake', 'python']
[0.257s] Level 1:colcon.colcon_core.package_identification:_identify(src) by extension 'cmake'
[0.257s] Level 1:colcon.colcon_core.package_identification:_identify(src) by extension 'python'
[0.257s] Level 1:colcon.colcon_core.package_identification:_identify(src) by extensions ['python_setup_py']
[0.257s] Level 1:colcon.colcon_core.package_identification:_identify(src) by extension 'python_setup_py'
[0.257s] Level 1:colcon.colcon_core.package_identification:_identify(src/village_li) by extensions ['ignore', 'ignore_ament_install']
[0.258s] Level 1:colcon.colcon_core.package_identification:_identify(src/village_li) by extension 'ignore'
[0.258s] Level 1:colcon.colcon_core.package_identification:_identify(src/village_li) by extension 'ignore_ament_install'
[0.258s] Level 1:colcon.colcon_core.package_identification:_identify(src/village_li) by extensions ['colcon_pkg']
[0.258s] Level 1:colcon.colcon_core.package_identification:_identify(src/village_li) by extension 'colcon_pkg'
[0.258s] Level 1:colcon.colcon_core.package_identification:_identify(src/village_li) by extensions ['colcon_meta']
[0.258s] Level 1:colcon.colcon_core.package_identification:_identify(src/village_li) by extension 'colcon_meta'
[0.258s] Level 1:colcon.colcon_core.package_identification:_identify(src/village_li) by extensions ['ros']
[0.258s] Level 1:colcon.colcon_core.package_identification:_identify(src/village_li) by extension 'ros'
[0.259s] DEBUG:colcon.colcon_core.package_identification:Package 'src/village_li' with type 'ros.ament_python' and name 'village_li'
[0.259s] Level 1:colcon.colcon_core.package_identification:_identify(src/village_wang) by extensions ['ignore', 'ignore_ament_install']
[0.260s] Level 1:colcon.colcon_core.package_identification:_identify(src/village_wang) by extension 'ignore'
[0.260s] Level 1:colcon.colcon_core.package_identification:_identify(src/village_wang) by extension 'ignore_ament_install'
[0.260s] Level 1:colcon.colcon_core.package_identification:_identify(src/village_wang) by extensions ['colcon_pkg']
[0.260s] Level 1:colcon.colcon_core.package_identification:_identify(src/village_wang) by extension 'colcon_pkg'
[0.260s] Level 1:colcon.colcon_core.package_identification:_identify(src/village_wang) by extensions ['colcon_meta']
[0.260s] Level 1:colcon.colcon_core.package_identification:_identify(src/village_wang) by extension 'colcon_meta'
[0.260s] Level 1:colcon.colcon_core.package_identification:_identify(src/village_wang) by extensions ['ros']
[0.260s] Level 1:colcon.colcon_core.package_identification:_identify(src/village_wang) by extension 'ros'
[0.260s] DEBUG:colcon.colcon_core.package_identification:Package 'src/village_wang' with type 'ros.ament_cmake' and name 'village_wang'
[0.260s] Level 1:colcon.colcon_core.package_discovery:discover_packages(recursive) using defaults
[0.260s] Level 1:colcon.colcon_core.package_discovery:discover_packages(ignore) discover
[0.260s] Level 1:colcon.colcon_core.package_discovery:discover_packages(ignore) using defaults
[0.260s] Level 1:colcon.colcon_core.package_discovery:discover_packages(path) discover
[0.260s] Level 1:colcon.colcon_core.package_discovery:discover_packages(path) using defaults
[0.276s] Level 1:colcon.colcon_core.package_discovery:discover_packages(prefix_path) check parameters
[0.276s] Level 1:colcon.colcon_core.package_discovery:discover_packages(prefix_path) discover
[0.278s] DEBUG:colcon.colcon_installed_package_information.package_discovery:Found 270 installed packages in /opt/ros/humble
[0.279s] Level 1:colcon.colcon_core.package_discovery:discover_packages(prefix_path) using defaults
[0.318s] Level 5:colcon.colcon_core.verb:set package 'village_li' build argument 'cmake_args' from command line to 'None'
[0.318s] Level 5:colcon.colcon_core.verb:set package 'village_li' build argument 'cmake_target' from command line to 'None'
[0.318s] Level 5:colcon.colcon_core.verb:set package 'village_li' build argument 'cmake_target_skip_unavailable' from command line to 'False'
[0.318s] Level 5:colcon.colcon_core.verb:set package 'village_li' build argument 'cmake_clean_cache' from command line to 'False'
[0.318s] Level 5:colcon.colcon_core.verb:set package 'village_li' build argument 'cmake_clean_first' from command line to 'False'
[0.318s] Level 5:colcon.colcon_core.verb:set package 'village_li' build argument 'cmake_force_configure' from command line to 'False'
[0.318s] Level 5:colcon.colcon_core.verb:set package 'village_li' build argument 'ament_cmake_args' from command line to 'None'
[0.318s] Level 5:colcon.colcon_core.verb:set package 'village_li' build argument 'catkin_cmake_args' from command line to 'None'
[0.318s] Level 5:colcon.colcon_core.verb:set package 'village_li' build argument 'catkin_skip_building_tests' from command line to 'False'
[0.318s] DEBUG:colcon.colcon_core.verb:Building package 'village_li' with the following arguments: {'ament_cmake_args': None, 'build_base': '/home/chen/town_ws/build/village_li', 'catkin_cmake_args': None, 'catkin_skip_building_tests': False, 'cmake_args': None, 'cmake_clean_cache': False, 'cmake_clean_first': False, 'cmake_force_configure': False, 'cmake_target': None, 'cmake_target_skip_unavailable': False, 'install_base': '/home/chen/town_ws/install/village_li', 'merge_install': False, 'path': '/home/chen/town_ws/src/village_li', 'symlink_install': False, 'test_result_base': None}
[0.319s] Level 5:colcon.colcon_core.verb:set package 'village_wang' build argument 'cmake_args' from command line to 'None'
[0.319s] Level 5:colcon.colcon_core.verb:set package 'village_wang' build argument 'cmake_target' from command line to 'None'
[0.319s] Level 5:colcon.colcon_core.verb:set package 'village_wang' build argument 'cmake_target_skip_unavailable' from command line to 'False'
[0.319s] Level 5:colcon.colcon_core.verb:set package 'village_wang' build argument 'cmake_clean_cache' from command line to 'False'
[0.319s] Level 5:colcon.colcon_core.verb:set package 'village_wang' build argument 'cmake_clean_first' from command line to 'False'
[0.319s] Level 5:colcon.colcon_core.verb:set package 'village_wang' build argument 'cmake_force_configure' from command line to 'False'
[0.319s] Level 5:colcon.colcon_core.verb:set package 'village_wang' build argument 'ament_cmake_args' from command line to 'None'
[0.319s] Level 5:colcon.colcon_core.verb:set package 'village_wang' build argument 'catkin_cmake_args' from command line to 'None'
[0.319s] Level 5:colcon.colcon_core.verb:set package 'village_wang' build argument 'catkin_skip_building_tests' from command line to 'False'
[0.319s] DEBUG:colcon.colcon_core.verb:Building package 'village_wang' with the following arguments: {'ament_cmake_args': None, 'build_base': '/home/chen/town_ws/build/village_wang', 'catkin_cmake_args': None, 'catkin_skip_building_tests': False, 'cmake_args': None, 'cmake_clean_cache': False, 'cmake_clean_first': False, 'cmake_force_configure': False, 'cmake_target': None, 'cmake_target_skip_unavailable': False, 'install_base': '/home/chen/town_ws/install/village_wang', 'merge_install': False, 'path': '/home/chen/town_ws/src/village_wang', 'symlink_install': False, 'test_result_base': None}
[0.320s] INFO:colcon.colcon_core.executor:Executing jobs using 'parallel' executor
[0.322s] DEBUG:colcon.colcon_parallel_executor.executor.parallel:run_until_complete
[0.322s] INFO:colcon.colcon_ros.task.ament_python.build:Building ROS package in '/home/chen/town_ws/src/village_li' with build type 'ament_python'
[0.322s] Level 1:colcon.colcon_core.shell:create_environment_hook('village_li', 'ament_prefix_path')
[0.326s] INFO:colcon.colcon_core.plugin_system:Skipping extension 'colcon_core.shell.bat': Not used on non-Windows systems
[0.326s] INFO:colcon.colcon_core.shell:Creating environment hook '/home/chen/town_ws/install/village_li/share/village_li/hook/ament_prefix_path.ps1'
[0.326s] INFO:colcon.colcon_core.shell:Creating environment descriptor '/home/chen/town_ws/install/village_li/share/village_li/hook/ament_prefix_path.dsv'
[0.327s] INFO:colcon.colcon_core.shell:Creating environment hook '/home/chen/town_ws/install/village_li/share/village_li/hook/ament_prefix_path.sh'
[0.328s] INFO:colcon.colcon_core.shell:Skip shell extension 'powershell' for command environment: Not usable outside of PowerShell
[0.328s] DEBUG:colcon.colcon_core.shell:Skip shell extension 'dsv' for command environment
[0.332s] INFO:colcon.colcon_ros.task.ament_cmake.build:Building ROS package in '/home/chen/town_ws/src/village_wang' with build type 'ament_cmake'
[0.332s] INFO:colcon.colcon_cmake.task.cmake.build:Building CMake package in '/home/chen/town_ws/src/village_wang'
[0.333s] INFO:colcon.colcon_core.shell:Skip shell extension 'powershell' for command environment: Not usable outside of PowerShell
[0.333s] DEBUG:colcon.colcon_core.shell:Skip shell extension 'dsv' for command environment
[0.567s] INFO:colcon.colcon_core.task.python.build:Building Python package in '/home/chen/town_ws/src/village_li'
[0.568s] INFO:colcon.colcon_core.shell:Skip shell extension 'powershell' for command environment: Not usable outside of PowerShell
[0.569s] DEBUG:colcon.colcon_core.shell:Skip shell extension 'dsv' for command environment
[0.578s] DEBUG:colcon.colcon_core.event_handler.log_command:Invoking command in '/home/chen/town_ws/build/village_wang': CMAKE_PREFIX_PATH=/opt/ros/humble /usr/bin/cmake /home/chen/town_ws/src/village_wang -DCMAKE_INSTALL_PREFIX=/home/chen/town_ws/install/village_wang
[0.862s] DEBUG:colcon.colcon_core.event_handler.log_command:Invoking command in '/home/chen/town_ws/src/village_li': PYTHONPATH=/home/chen/town_ws/build/village_li/prefix_override:/home/chen/town_ws/install/village_li/lib/python3.10/site-packages:${PYTHONPATH} /usr/bin/python3 setup.py egg_info --egg-base ../../build/village_li build --build-base /home/chen/town_ws/build/village_li/build install --record /home/chen/town_ws/build/village_li/install.log --single-version-externally-managed
[1.127s] DEBUG:colcon.colcon_core.event_handler.log_command:Invoked command in '/home/chen/town_ws/src/village_li' returned '0': PYTHONPATH=/home/chen/town_ws/build/village_li/prefix_override:/home/chen/town_ws/install/village_li/lib/python3.10/site-packages:${PYTHONPATH} /usr/bin/python3 setup.py egg_info --egg-base ../../build/village_li build --build-base /home/chen/town_ws/build/village_li/build install --record /home/chen/town_ws/build/village_li/install.log --single-version-externally-managed
[1.135s] Level 1:colcon.colcon_core.environment:checking '/home/chen/town_ws/install/village_li' for CMake module files
[1.136s] Level 1:colcon.colcon_core.environment:checking '/home/chen/town_ws/install/village_li' for CMake config files
[1.137s] Level 1:colcon.colcon_core.environment:checking '/home/chen/town_ws/install/village_li/lib'
[1.137s] Level 1:colcon.colcon_core.environment:checking '/home/chen/town_ws/install/village_li/bin'
[1.137s] Level 1:colcon.colcon_core.environment:checking '/home/chen/town_ws/install/village_li/lib/pkgconfig/village_li.pc'
[1.138s] Level 1:colcon.colcon_core.environment:checking '/home/chen/town_ws/install/village_li/lib/python3.10/site-packages'
[1.138s] Level 1:colcon.colcon_core.shell:create_environment_hook('village_li', 'pythonpath')
[1.139s] INFO:colcon.colcon_core.shell:Creating environment hook '/home/chen/town_ws/install/village_li/share/village_li/hook/pythonpath.ps1'
[1.140s] INFO:colcon.colcon_core.shell:Creating environment descriptor '/home/chen/town_ws/install/village_li/share/village_li/hook/pythonpath.dsv'
[1.140s] INFO:colcon.colcon_core.shell:Creating environment hook '/home/chen/town_ws/install/village_li/share/village_li/hook/pythonpath.sh'
[1.141s] Level 1:colcon.colcon_core.environment:checking '/home/chen/town_ws/install/village_li/bin'
[1.141s] Level 1:colcon.colcon_core.environment:create_environment_scripts_only(village_li)
[1.143s] INFO:colcon.colcon_core.shell:Creating package script '/home/chen/town_ws/install/village_li/share/village_li/package.ps1'
[1.145s] INFO:colcon.colcon_core.shell:Creating package descriptor '/home/chen/town_ws/install/village_li/share/village_li/package.dsv'
[1.145s] INFO:colcon.colcon_core.shell:Creating package script '/home/chen/town_ws/install/village_li/share/village_li/package.sh'
[1.148s] INFO:colcon.colcon_core.shell:Creating package script '/home/chen/town_ws/install/village_li/share/village_li/package.bash'
[1.149s] INFO:colcon.colcon_core.shell:Creating package script '/home/chen/town_ws/install/village_li/share/village_li/package.zsh'
[1.149s] Level 1:colcon.colcon_core.environment:create_file_with_runtime_dependencies(/home/chen/town_ws/install/village_li/share/colcon-core/packages/village_li)
[1.158s] DEBUG:colcon.colcon_core.event_handler.log_command:Invoked command in '/home/chen/town_ws/build/village_wang' returned '0': CMAKE_PREFIX_PATH=/opt/ros/humble /usr/bin/cmake /home/chen/town_ws/src/village_wang -DCMAKE_INSTALL_PREFIX=/home/chen/town_ws/install/village_wang
[1.160s] DEBUG:colcon.colcon_core.event_handler.log_command:Invoking command in '/home/chen/town_ws/build/village_wang': CMAKE_PREFIX_PATH=/opt/ros/humble /usr/bin/cmake --build /home/chen/town_ws/build/village_wang -- -j4 -l4
[4.717s] DEBUG:colcon.colcon_core.event_handler.log_command:Invoked command in '/home/chen/town_ws/build/village_wang' returned '0': CMAKE_PREFIX_PATH=/opt/ros/humble /usr/bin/cmake --build /home/chen/town_ws/build/village_wang -- -j4 -l4
[4.770s] DEBUG:colcon.colcon_core.event_handler.log_command:Invoking command in '/home/chen/town_ws/build/village_wang': CMAKE_PREFIX_PATH=/opt/ros/humble /usr/bin/cmake --install /home/chen/town_ws/build/village_wang
[4.783s] Level 1:colcon.colcon_core.environment:create_environment_scripts_only(village_wang)
[4.784s] Level 1:colcon.colcon_core.environment:checking '/home/chen/town_ws/install/village_wang' for CMake module files
[4.785s] Level 1:colcon.colcon_core.environment:checking '/home/chen/town_ws/install/village_wang' for CMake config files
[4.785s] DEBUG:colcon.colcon_core.event_handler.log_command:Invoked command in '/home/chen/town_ws/build/village_wang' returned '0': CMAKE_PREFIX_PATH=/opt/ros/humble /usr/bin/cmake --install /home/chen/town_ws/build/village_wang
[4.785s] Level 1:colcon.colcon_core.shell:create_environment_hook('village_wang', 'cmake_prefix_path')
[4.786s] INFO:colcon.colcon_core.shell:Creating environment hook '/home/chen/town_ws/install/village_wang/share/village_wang/hook/cmake_prefix_path.ps1'
[4.787s] INFO:colcon.colcon_core.shell:Creating environment descriptor '/home/chen/town_ws/install/village_wang/share/village_wang/hook/cmake_prefix_path.dsv'
[4.787s] INFO:colcon.colcon_core.shell:Creating environment hook '/home/chen/town_ws/install/village_wang/share/village_wang/hook/cmake_prefix_path.sh'
[4.787s] Level 1:colcon.colcon_core.environment:checking '/home/chen/town_ws/install/village_wang/lib'
[4.787s] Level 1:colcon.colcon_core.environment:checking '/home/chen/town_ws/install/village_wang/bin'
[4.787s] Level 1:colcon.colcon_core.environment:checking '/home/chen/town_ws/install/village_wang/lib/pkgconfig/village_wang.pc'
[4.787s] Level 1:colcon.colcon_core.environment:checking '/home/chen/town_ws/install/village_wang/lib/python3.10/site-packages'
[4.788s] Level 1:colcon.colcon_core.environment:checking '/home/chen/town_ws/install/village_wang/bin'
[4.789s] INFO:colcon.colcon_core.shell:Creating package script '/home/chen/town_ws/install/village_wang/share/village_wang/package.ps1'
[4.789s] INFO:colcon.colcon_core.shell:Creating package descriptor '/home/chen/town_ws/install/village_wang/share/village_wang/package.dsv'
[4.790s] INFO:colcon.colcon_core.shell:Creating package script '/home/chen/town_ws/install/village_wang/share/village_wang/package.sh'
[4.790s] INFO:colcon.colcon_core.shell:Creating package script '/home/chen/town_ws/install/village_wang/share/village_wang/package.bash'
[4.790s] INFO:colcon.colcon_core.shell:Creating package script '/home/chen/town_ws/install/village_wang/share/village_wang/package.zsh'
[4.791s] Level 1:colcon.colcon_core.environment:create_file_with_runtime_dependencies(/home/chen/town_ws/install/village_wang/share/colcon-core/packages/village_wang)
[4.830s] Level 1:colcon.colcon_core.environment:create_environment_scripts_only(village_wang)
[4.831s] Level 1:colcon.colcon_core.environment:checking '/home/chen/town_ws/install/village_wang' for CMake module files
[4.831s] Level 1:colcon.colcon_core.environment:checking '/home/chen/town_ws/install/village_wang' for CMake config files
[4.831s] Level 1:colcon.colcon_core.shell:create_environment_hook('village_wang', 'cmake_prefix_path')
[4.832s] INFO:colcon.colcon_core.shell:Creating environment hook '/home/chen/town_ws/install/village_wang/share/village_wang/hook/cmake_prefix_path.ps1'
[4.832s] INFO:colcon.colcon_core.shell:Creating environment descriptor '/home/chen/town_ws/install/village_wang/share/village_wang/hook/cmake_prefix_path.dsv'
[4.833s] INFO:colcon.colcon_core.shell:Creating environment hook '/home/chen/town_ws/install/village_wang/share/village_wang/hook/cmake_prefix_path.sh'
[4.833s] Level 1:colcon.colcon_core.environment:checking '/home/chen/town_ws/install/village_wang/lib'
[4.834s] Level 1:colcon.colcon_core.environment:checking '/home/chen/town_ws/install/village_wang/bin'
[4.834s] Level 1:colcon.colcon_core.environment:checking '/home/chen/town_ws/install/village_wang/lib/pkgconfig/village_wang.pc'
[4.834s] Level 1:colcon.colcon_core.environment:checking '/home/chen/town_ws/install/village_wang/lib/python3.10/site-packages'
[4.834s] Level 1:colcon.colcon_core.environment:checking '/home/chen/town_ws/install/village_wang/bin'
[4.835s] INFO:colcon.colcon_core.shell:Creating package script '/home/chen/town_ws/install/village_wang/share/village_wang/package.ps1'
[4.835s] INFO:colcon.colcon_core.shell:Creating package descriptor '/home/chen/town_ws/install/village_wang/share/village_wang/package.dsv'
[4.836s] INFO:colcon.colcon_core.shell:Creating package script '/home/chen/town_ws/install/village_wang/share/village_wang/package.sh'
[4.836s] INFO:colcon.colcon_core.shell:Creating package script '/home/chen/town_ws/install/village_wang/share/village_wang/package.bash'
[4.836s] INFO:colcon.colcon_core.shell:Creating package script '/home/chen/town_ws/install/village_wang/share/village_wang/package.zsh'
[4.837s] Level 1:colcon.colcon_core.environment:create_file_with_runtime_dependencies(/home/chen/town_ws/install/village_wang/share/colcon-core/packages/village_wang)
[4.837s] DEBUG:colcon.colcon_parallel_executor.executor.parallel:closing loop
[4.837s] DEBUG:colcon.colcon_parallel_executor.executor.parallel:loop closed
[4.838s] DEBUG:colcon.colcon_parallel_executor.executor.parallel:run_until_complete finished with '0'
[4.838s] DEBUG:colcon.colcon_core.event_reactor:joining thread
[4.843s] INFO:colcon.colcon_core.plugin_system:Skipping extension 'colcon_notification.desktop_notification.terminal_notifier': Not used on non-Darwin systems
[4.843s] INFO:colcon.colcon_core.plugin_system:Skipping extension 'colcon_notification.desktop_notification.win32': Not used on non-Windows systems
[4.843s] INFO:colcon.colcon_notification.desktop_notification:Sending desktop notification using 'notify2'
[4.855s] DEBUG:colcon.colcon_core.event_reactor:joined thread
[4.856s] INFO:colcon.colcon_core.shell:Creating prefix script '/home/chen/town_ws/install/local_setup.ps1'
[4.857s] INFO:colcon.colcon_core.shell:Creating prefix util module '/home/chen/town_ws/install/_local_setup_util_ps1.py'
[4.859s] INFO:colcon.colcon_core.shell:Creating prefix chain script '/home/chen/town_ws/install/setup.ps1'
[4.860s] INFO:colcon.colcon_core.shell:Creating prefix script '/home/chen/town_ws/install/local_setup.sh'
[4.861s] INFO:colcon.colcon_core.shell:Creating prefix util module '/home/chen/town_ws/install/_local_setup_util_sh.py'
[4.861s] INFO:colcon.colcon_core.shell:Creating prefix chain script '/home/chen/town_ws/install/setup.sh'
[4.863s] INFO:colcon.colcon_core.shell:Creating prefix script '/home/chen/town_ws/install/local_setup.bash'
[4.863s] INFO:colcon.colcon_core.shell:Creating prefix chain script '/home/chen/town_ws/install/setup.bash'
[4.865s] INFO:colcon.colcon_core.shell:Creating prefix script '/home/chen/town_ws/install/local_setup.zsh'
[4.865s] INFO:colcon.colcon_core.shell:Creating prefix chain script '/home/chen/town_ws/install/setup.zsh'
