[0.245s] Invoking command in '/home/chen/town_ws/build/village_wang': CMAKE_PREFIX_PATH=/opt/ros/humble /usr/bin/cmake /home/chen/town_ws/src/village_wang -DCMAKE_INSTALL_PREFIX=/home/chen/town_ws/install/village_wang
[0.255s] -- Found ament_cmake: 1.3.4 (/opt/ros/humble/share/ament_cmake/cmake)
[0.386s] -- Found rclcpp: 16.0.4 (/opt/ros/humble/share/rclcpp/cmake)
[0.409s] -- Found rosidl_generator_c: 3.1.4 (/opt/ros/humble/share/rosidl_generator_c/cmake)
[0.414s] -- Found rosidl_adapter: 3.1.4 (/opt/ros/humble/share/rosidl_adapter/cmake)
[0.420s] -- Found rosidl_generator_cpp: 3.1.4 (/opt/ros/humble/share/rosidl_generator_cpp/cmake)
[0.430s] -- Using all available rosidl_typesupport_c: rosidl_typesupport_fastrtps_c;rosidl_typesupport_introspection_c
[0.442s] -- Using all available rosidl_typesupport_cpp: rosidl_typesupport_fastrtps_cpp;rosidl_typesupport_introspection_cpp
[0.486s] -- Found rmw_implementation_cmake: 6.1.1 (/opt/ros/humble/share/rmw_implementation_cmake/cmake)
[0.487s] -- Found rmw_fastrtps_cpp: 6.2.2 (/opt/ros/humble/share/rmw_fastrtps_cpp/cmake)
[0.598s] -- Using RMW implementation 'rmw_fastrtps_cpp' as default
[0.717s] -- Found ament_lint_auto: 0.12.6 (/opt/ros/humble/share/ament_lint_auto/cmake)
[0.790s] -- Added test 'cppcheck' to perform static code analysis on C / C++ code
[0.790s] -- Configured cppcheck include dirs: 
[0.790s] -- Configured cppcheck exclude dirs and/or files: 
[0.791s] -- Added test 'lint_cmake' to check CMake code style
[0.792s] -- Added test 'uncrustify' to check C / C++ code style
[0.792s] -- Configured uncrustify additional arguments: 
[0.792s] -- Added test 'xmllint' to check XML markup files
[0.794s] -- Configuring done
[0.811s] -- Generating done
[0.813s] -- Build files have been written to: /home/chen/town_ws/build/village_wang
[0.825s] Invoked command in '/home/chen/town_ws/build/village_wang' returned '0': CMAKE_PREFIX_PATH=/opt/ros/humble /usr/bin/cmake /home/chen/town_ws/src/village_wang -DCMAKE_INSTALL_PREFIX=/home/chen/town_ws/install/village_wang
[0.827s] Invoking command in '/home/chen/town_ws/build/village_wang': CMAKE_PREFIX_PATH=/opt/ros/humble /usr/bin/cmake --build /home/chen/town_ws/build/village_wang -- -j4 -l4
[0.891s] [ 50%] [32mBuilding CXX object CMakeFiles/wang2_node.dir/src/wang2.cpp.o[0m
[4.250s] [100%] [32m[1mLinking CXX executable wang2_node[0m
[4.373s] [100%] Built target wang2_node
[4.383s] Invoked command in '/home/chen/town_ws/build/village_wang' returned '0': CMAKE_PREFIX_PATH=/opt/ros/humble /usr/bin/cmake --build /home/chen/town_ws/build/village_wang -- -j4 -l4
[4.437s] Invoking command in '/home/chen/town_ws/build/village_wang': CMAKE_PREFIX_PATH=/opt/ros/humble /usr/bin/cmake --install /home/chen/town_ws/build/village_wang
[4.444s] -- Install configuration: ""
[4.445s] -- Installing: /home/chen/town_ws/install/village_wang/share/ament_index/resource_index/package_run_dependencies/village_wang
[4.445s] -- Installing: /home/chen/town_ws/install/village_wang/share/ament_index/resource_index/parent_prefix_path/village_wang
[4.445s] -- Installing: /home/chen/town_ws/install/village_wang/share/village_wang/environment/ament_prefix_path.sh
[4.446s] -- Installing: /home/chen/town_ws/install/village_wang/share/village_wang/environment/ament_prefix_path.dsv
[4.446s] -- Installing: /home/chen/town_ws/install/village_wang/share/village_wang/environment/path.sh
[4.446s] -- Installing: /home/chen/town_ws/install/village_wang/share/village_wang/environment/path.dsv
[4.446s] -- Installing: /home/chen/town_ws/install/village_wang/share/village_wang/local_setup.bash
[4.446s] -- Installing: /home/chen/town_ws/install/village_wang/share/village_wang/local_setup.sh
[4.446s] -- Installing: /home/chen/town_ws/install/village_wang/share/village_wang/local_setup.zsh
[4.446s] -- Installing: /home/chen/town_ws/install/village_wang/share/village_wang/local_setup.dsv
[4.446s] -- Installing: /home/chen/town_ws/install/village_wang/share/village_wang/package.dsv
[4.446s] -- Installing: /home/chen/town_ws/install/village_wang/share/ament_index/resource_index/packages/village_wang
[4.446s] -- Installing: /home/chen/town_ws/install/village_wang/share/village_wang/cmake/village_wangConfig.cmake
[4.447s] -- Installing: /home/chen/town_ws/install/village_wang/share/village_wang/cmake/village_wangConfig-version.cmake
[4.447s] -- Installing: /home/chen/town_ws/install/village_wang/share/village_wang/package.xml
[4.447s] -- Installing: /home/chen/town_ws/install/village_wang/lib/village_wang/wang2_node
[4.448s] -- Set runtime path of "/home/chen/town_ws/install/village_wang/lib/village_wang/wang2_node" to ""
[4.452s] Invoked command in '/home/chen/town_ws/build/village_wang' returned '0': CMAKE_PREFIX_PATH=/opt/ros/humble /usr/bin/cmake --install /home/chen/town_ws/build/village_wang
