[0.472s] Invoking command in '/home/chen/town_ws/src/village_li': PYTHONPATH=/home/chen/town_ws/build/village_li/prefix_override:/home/chen/town_ws/install/village_li/lib/python3.10/site-packages:${PYTHONPATH} /usr/bin/python3 setup.py egg_info --egg-base ../../build/village_li build --build-base /home/chen/town_ws/build/village_li/build install --record /home/chen/town_ws/build/village_li/install.log --single-version-externally-managed
[0.662s] running egg_info
[0.663s] writing ../../build/village_li/village_li.egg-info/PKG-INFO
[0.663s] writing dependency_links to ../../build/village_li/village_li.egg-info/dependency_links.txt
[0.663s] writing entry points to ../../build/village_li/village_li.egg-info/entry_points.txt
[0.663s] writing requirements to ../../build/village_li/village_li.egg-info/requires.txt
[0.663s] writing top-level names to ../../build/village_li/village_li.egg-info/top_level.txt
[0.665s] reading manifest file '../../build/village_li/village_li.egg-info/SOURCES.txt'
[0.666s] writing manifest file '../../build/village_li/village_li.egg-info/SOURCES.txt'
[0.666s] running build
[0.666s] running build_py
[0.666s] copying village_li/li4.py -> /home/chen/town_ws/build/village_li/build/lib/village_li
[0.666s] running install
[0.667s] running install_lib
[0.667s] copying /home/chen/town_ws/build/village_li/build/lib/village_li/li4.py -> /home/chen/town_ws/install/village_li/lib/python3.10/site-packages/village_li
[0.668s] byte-compiling /home/chen/town_ws/install/village_li/lib/python3.10/site-packages/village_li/li4.py to li4.cpython-310.pyc
[0.668s] running install_data
[0.669s] running install_egg_info
[0.670s] removing '/home/chen/town_ws/install/village_li/lib/python3.10/site-packages/village_li-0.0.0-py3.10.egg-info' (and everything under it)
[0.670s] Copying ../../build/village_li/village_li.egg-info to /home/chen/town_ws/install/village_li/lib/python3.10/site-packages/village_li-0.0.0-py3.10.egg-info
[0.671s] running install_scripts
[0.688s] Installing li4_node script to /home/chen/town_ws/install/village_li/lib/village_li
[0.688s] writing list of installed files to '/home/chen/town_ws/build/village_li/install.log'
[0.709s] Invoked command in '/home/chen/town_ws/src/village_li' returned '0': PYTHONPATH=/home/chen/town_ws/build/village_li/prefix_override:/home/chen/town_ws/install/village_li/lib/python3.10/site-packages:${PYTHONPATH} /usr/bin/python3 setup.py egg_info --egg-base ../../build/village_li build --build-base /home/chen/town_ws/build/village_li/build install --record /home/chen/town_ws/build/village_li/install.log --single-version-externally-managed
